<?xml version="1.0" encoding="UTF-8"?>
<!-- Generated by org.testng.reporters.JUnitXMLReporter -->
<testsuite hostname="DESKTOP-C9I2KNP" ignored="0" name="Command line test" tests="4" failures="0" timestamp="2022-04-24T14:21:14 IST" time="0.078" errors="0">
  <testcase name="AppiumTest1" time="0.0" classname="qaclickacademy.AppiumTest"/>
  <testcase name="AppiumTest2" time="0.016" classname="qaclickacademy.AppiumTest"/>
  <testcase name="SeleniumTest1" time="0.0" classname="qaclickacademy.SeleniumTest"/>
  <testcase name="SeleniumTest2" time="0.0" classname="qaclickacademy.SeleniumTest"/>
</testsuite> <!-- Command line test -->
