<?xml version="1.0" encoding="UTF-8"?>
<testng-results skipped="0" failed="0" ignored="0" total="4" passed="4">
  <reporter-output>
  </reporter-output>
  <suite name="Command line suite" duration-ms="78" started-at="2022-04-24T14:21:14 IST" finished-at="2022-04-24T14:21:14 IST">
    <groups>
    </groups>
    <test name="Command line test" duration-ms="78" started-at="2022-04-24T14:21:14 IST" finished-at="2022-04-24T14:21:14 IST">
      <class name="qaclickacademy.AppiumTest">
        <test-method status="PASS" signature="AppiumTest2()[pri:0, instance:qaclickacademy.AppiumTest@6b09bb57]" name="AppiumTest2" duration-ms="16" started-at="2022-04-24T14:21:14 IST" finished-at="2022-04-24T14:21:14 IST">
          <reporter-output>
          </reporter-output>
        </test-method> <!-- AppiumTest2 -->
        <test-method status="PASS" signature="AppiumTest1()[pri:0, instance:qaclickacademy.AppiumTest@6b09bb57]" name="AppiumTest1" duration-ms="0" started-at="2022-04-24T14:21:14 IST" finished-at="2022-04-24T14:21:14 IST">
          <reporter-output>
          </reporter-output>
        </test-method> <!-- AppiumTest1 -->
      </class> <!-- qaclickacademy.AppiumTest -->
      <class name="qaclickacademy.SeleniumTest">
        <test-method status="PASS" signature="SeleniumTest1()[pri:0, instance:qaclickacademy.SeleniumTest@57536d79]" name="SeleniumTest1" duration-ms="0" started-at="2022-04-24T14:21:14 IST" finished-at="2022-04-24T14:21:14 IST">
          <reporter-output>
          </reporter-output>
        </test-method> <!-- SeleniumTest1 -->
        <test-method status="PASS" signature="SeleniumTest2()[pri:0, instance:qaclickacademy.SeleniumTest@57536d79]" name="SeleniumTest2" duration-ms="0" started-at="2022-04-24T14:21:14 IST" finished-at="2022-04-24T14:21:14 IST">
          <reporter-output>
          </reporter-output>
        </test-method> <!-- SeleniumTest2 -->
      </class> <!-- qaclickacademy.SeleniumTest -->
    </test> <!-- Command line test -->
  </suite> <!-- Command line suite -->
</testng-results>
